operation_mode: chain_tqe
[2025-06-28 21:20:24,147][tensorflow][WARNING] - Efficient allreduce is not supported for 1 IndexedSlices
[2025-06-28 21:20:26,519][tensorflow][WARNING] - Efficient allreduce is not supported for 1 IndexedSlices
[2025-06-28 22:14:14,201][root][INFO] - creating C:\Users\drugm\stm32ai-modelzoo-services\text_generation_word\mlruns\821670684318703961\ba184e429409491cb50f82422210e057\artifacts\tensorboard_logs\metrics
[2025-06-28 22:14:14,202][root][INFO] - copying C:\Users\drugm\stm32ai-modelzoo-services\text_generation_word\src\experiments_outputs\2025_06_28_21_19_37\logs\metrics\events.out.tfevents.1751138422.TITOS_DESKTOP.7804.0.v2 -> C:\Users\drugm\stm32ai-modelzoo-services\text_generation_word\mlruns\821670684318703961\ba184e429409491cb50f82422210e057\artifacts\tensorboard_logs\metrics
[2025-06-28 22:14:14,209][root][INFO] - copying C:\Users\drugm\stm32ai-modelzoo-services\text_generation_word\src\experiments_outputs\2025_06_28_21_19_37\logs\metrics\train_metrics.csv -> C:\Users\drugm\stm32ai-modelzoo-services\text_generation_word\mlruns\821670684318703961\ba184e429409491cb50f82422210e057\artifacts\tensorboard_logs\metrics
[2025-06-28 22:14:14,213][root][INFO] - creating C:\Users\drugm\stm32ai-modelzoo-services\text_generation_word\mlruns\821670684318703961\ba184e429409491cb50f82422210e057\artifacts\tensorboard_logs\train
[2025-06-28 22:14:14,214][root][INFO] - copying C:\Users\drugm\stm32ai-modelzoo-services\text_generation_word\src\experiments_outputs\2025_06_28_21_19_37\logs\train\events.out.tfevents.1751138422.TITOS_DESKTOP.7804.1.v2 -> C:\Users\drugm\stm32ai-modelzoo-services\text_generation_word\mlruns\821670684318703961\ba184e429409491cb50f82422210e057\artifacts\tensorboard_logs\train
[2025-06-28 22:14:14,221][root][INFO] - creating C:\Users\drugm\stm32ai-modelzoo-services\text_generation_word\mlruns\821670684318703961\ba184e429409491cb50f82422210e057\artifacts\tensorboard_logs\validation
[2025-06-28 22:14:14,221][root][INFO] - copying C:\Users\drugm\stm32ai-modelzoo-services\text_generation_word\src\experiments_outputs\2025_06_28_21_19_37\logs\validation\events.out.tfevents.1751138807.TITOS_DESKTOP.7804.2.v2 -> C:\Users\drugm\stm32ai-modelzoo-services\text_generation_word\mlruns\821670684318703961\ba184e429409491cb50f82422210e057\artifacts\tensorboard_logs\validation
[2025-06-28 22:14:15,265][tensorflow][WARNING] - Compiled the loaded model, but the compiled metrics have yet to be built. `model.compile_metrics` will be empty until you train or evaluate the model.
[2025-06-28 22:14:15,750][tensorflow][WARNING] - No training configuration found in the save file, so the model was *not* compiled. Compile it manually.
[2025-06-28 22:14:19,400][absl][WARNING] - Found untraced functions such as mha_layer_call_fn, mha_layer_call_and_return_conditional_losses, ln1_layer_call_fn, ln1_layer_call_and_return_conditional_losses, ln2_layer_call_fn while saving (showing 5 of 84). These functions will not be directly callable after loading.
[2025-06-28 22:14:41,389][root][INFO] - creating C:\Users\drugm\stm32ai-modelzoo-services\text_generation_word\mlruns\821670684318703961\ba184e429409491cb50f82422210e057\artifacts\2025_06_28_21_19_37\.hydra
[2025-06-28 22:14:41,390][root][INFO] - copying ./src/experiments_outputs/2025_06_28_21_19_37\.hydra\config.yaml -> C:\Users\drugm\stm32ai-modelzoo-services\text_generation_word\mlruns\821670684318703961\ba184e429409491cb50f82422210e057\artifacts\2025_06_28_21_19_37\.hydra
[2025-06-28 22:14:41,397][root][INFO] - copying ./src/experiments_outputs/2025_06_28_21_19_37\.hydra\hydra.yaml -> C:\Users\drugm\stm32ai-modelzoo-services\text_generation_word\mlruns\821670684318703961\ba184e429409491cb50f82422210e057\artifacts\2025_06_28_21_19_37\.hydra
[2025-06-28 22:14:41,404][root][INFO] - copying ./src/experiments_outputs/2025_06_28_21_19_37\.hydra\overrides.yaml -> C:\Users\drugm\stm32ai-modelzoo-services\text_generation_word\mlruns\821670684318703961\ba184e429409491cb50f82422210e057\artifacts\2025_06_28_21_19_37\.hydra
[2025-06-28 22:14:41,405][root][INFO] - creating C:\Users\drugm\stm32ai-modelzoo-services\text_generation_word\mlruns\821670684318703961\ba184e429409491cb50f82422210e057\artifacts\2025_06_28_21_19_37\logs
[2025-06-28 22:14:41,406][root][INFO] - creating C:\Users\drugm\stm32ai-modelzoo-services\text_generation_word\mlruns\821670684318703961\ba184e429409491cb50f82422210e057\artifacts\2025_06_28_21_19_37\logs\metrics
[2025-06-28 22:14:41,406][root][INFO] - copying ./src/experiments_outputs/2025_06_28_21_19_37\logs\metrics\events.out.tfevents.1751138422.TITOS_DESKTOP.7804.0.v2 -> C:\Users\drugm\stm32ai-modelzoo-services\text_generation_word\mlruns\821670684318703961\ba184e429409491cb50f82422210e057\artifacts\2025_06_28_21_19_37\logs\metrics
[2025-06-28 22:14:41,407][root][INFO] - copying ./src/experiments_outputs/2025_06_28_21_19_37\logs\metrics\train_metrics.csv -> C:\Users\drugm\stm32ai-modelzoo-services\text_generation_word\mlruns\821670684318703961\ba184e429409491cb50f82422210e057\artifacts\2025_06_28_21_19_37\logs\metrics
[2025-06-28 22:14:41,407][root][INFO] - creating C:\Users\drugm\stm32ai-modelzoo-services\text_generation_word\mlruns\821670684318703961\ba184e429409491cb50f82422210e057\artifacts\2025_06_28_21_19_37\logs\train
[2025-06-28 22:14:41,408][root][INFO] - copying ./src/experiments_outputs/2025_06_28_21_19_37\logs\train\events.out.tfevents.1751138422.TITOS_DESKTOP.7804.1.v2 -> C:\Users\drugm\stm32ai-modelzoo-services\text_generation_word\mlruns\821670684318703961\ba184e429409491cb50f82422210e057\artifacts\2025_06_28_21_19_37\logs\train
[2025-06-28 22:14:41,410][root][INFO] - creating C:\Users\drugm\stm32ai-modelzoo-services\text_generation_word\mlruns\821670684318703961\ba184e429409491cb50f82422210e057\artifacts\2025_06_28_21_19_37\logs\validation
[2025-06-28 22:14:41,410][root][INFO] - copying ./src/experiments_outputs/2025_06_28_21_19_37\logs\validation\events.out.tfevents.1751138807.TITOS_DESKTOP.7804.2.v2 -> C:\Users\drugm\stm32ai-modelzoo-services\text_generation_word\mlruns\821670684318703961\ba184e429409491cb50f82422210e057\artifacts\2025_06_28_21_19_37\logs\validation
[2025-06-28 22:14:41,411][root][INFO] - creating C:\Users\drugm\stm32ai-modelzoo-services\text_generation_word\mlruns\821670684318703961\ba184e429409491cb50f82422210e057\artifacts\2025_06_28_21_19_37\quantized_models
[2025-06-28 22:14:41,411][root][INFO] - copying ./src/experiments_outputs/2025_06_28_21_19_37\quantized_models\embedding_matrix.npy -> C:\Users\drugm\stm32ai-modelzoo-services\text_generation_word\mlruns\821670684318703961\ba184e429409491cb50f82422210e057\artifacts\2025_06_28_21_19_37\quantized_models
[2025-06-28 22:14:41,419][root][INFO] - copying ./src/experiments_outputs/2025_06_28_21_19_37\quantized_models\quantized_model.tflite -> C:\Users\drugm\stm32ai-modelzoo-services\text_generation_word\mlruns\821670684318703961\ba184e429409491cb50f82422210e057\artifacts\2025_06_28_21_19_37\quantized_models
[2025-06-28 22:14:41,422][root][INFO] - creating C:\Users\drugm\stm32ai-modelzoo-services\text_generation_word\mlruns\821670684318703961\ba184e429409491cb50f82422210e057\artifacts\2025_06_28_21_19_37\saved_models
[2025-06-28 22:14:41,423][root][INFO] - copying ./src/experiments_outputs/2025_06_28_21_19_37\saved_models\best_model.h5 -> C:\Users\drugm\stm32ai-modelzoo-services\text_generation_word\mlruns\821670684318703961\ba184e429409491cb50f82422210e057\artifacts\2025_06_28_21_19_37\saved_models
[2025-06-28 22:14:41,487][root][INFO] - copying ./src/experiments_outputs/2025_06_28_21_19_37\saved_models\last_model.h5 -> C:\Users\drugm\stm32ai-modelzoo-services\text_generation_word\mlruns\821670684318703961\ba184e429409491cb50f82422210e057\artifacts\2025_06_28_21_19_37\saved_models
[2025-06-28 22:14:41,553][root][INFO] - copying ./src/experiments_outputs/2025_06_28_21_19_37\stm32ai_main.log -> C:\Users\drugm\stm32ai-modelzoo-services\text_generation_word\mlruns\821670684318703961\ba184e429409491cb50f82422210e057\artifacts\2025_06_28_21_19_37
operation finished: chain_tqe
